<?xml version="1.0" encoding="UTF-8"?>
<testsuite xmlns:xsi="http://www.w3.org/2001/XMLSchema-instance" xsi:noNamespaceSchemaLocation="https://maven.apache.org/surefire/maven-surefire-plugin/xsd/surefire-test-report.xsd" name="JavaAxeTests" time="11.716" tests="1" errors="0" skipped="0" failures="1">
  <properties>
[...]
</properties>
  <testcase name="axe" classname="JavaAxeTests" time="11.689">
    <failure message="expected:&lt;0&gt; but was:&lt;14&gt;" type="java.lang.AssertionError"><![CDATA[java.lang.AssertionError: expected:<0> but was:<14>
	at JavaAxeTests.axe(JavaAxeTests.java:63)
]]></failure>
    <system-out><![CDATA[
Printing summary of: Violations
button-name
Buttons must have discernible text
https://dequeuniversity.com/rules/axe/4.0/button-name?application=axeAPI

color-contrast
Elements must have sufficient color contrast
https://dequeuniversity.com/rules/axe/4.0/color-contrast?application=axeAPI

duplicate-id-active
IDs of active elements must be unique
https://dequeuniversity.com/rules/axe/4.0/duplicate-id-active?application=axeAPI

duplicate-id-aria
IDs used in ARIA and labels must be unique
https://dequeuniversity.com/rules/axe/4.0/duplicate-id-aria?application=axeAPI

duplicate-id
id attribute value must be unique
https://dequeuniversity.com/rules/axe/4.0/duplicate-id?application=axeAPI

frame-title
Frames must have title attribute
https://dequeuniversity.com/rules/axe/4.0/frame-title?application=axeAPI

html-has-lang
<html> element must have a lang attribute
https://dequeuniversity.com/rules/axe/4.0/html-has-lang?application=axeAPI

image-alt
Images must have alternate text
https://dequeuniversity.com/rules/axe/4.0/image-alt?application=axeAPI

label
Form elements must have labels
https://dequeuniversity.com/rules/axe/4.0/label?application=axeAPI

landmark-one-main
Document must have one main landmark
https://dequeuniversity.com/rules/axe/4.0/landmark-one-main?application=axeAPI

landmark-unique
Ensures landmarks are unique
https://dequeuniversity.com/rules/axe/4.0/landmark-unique?application=axeAPI

link-name
Links must have discernible text
https://dequeuniversity.com/rules/axe/4.0/link-name?application=axeAPI

region
All page content must be contained by landmarks
https://dequeuniversity.com/rules/axe/4.0/region?application=axeAPI

tabindex
Elements should not have tabindex greater than zero
https://dequeuniversity.com/rules/axe/4.0/tabindex?application=axeAPI


Printing raw data from: Violations
[Rule{id='button-name', description='Ensures buttons have discernible text', help='Buttons must have discernible text', helpUrl='https://dequeuniversity.com/rules/axe/4.0/button-name?application=axeAPI', impact='critical', tags=[cat.name-role-value, wcag2a, wcag412, section508, section508.22.a], nodes=[com.deque.html.axecore.results.CheckedNode@769a1df5], url='null', createdDate='null'}, Rule{id='color-contrast', description='Ensures the contrast between foreground and background colors meets WCAG 2 AA contrast ratio thresholds', help='Elements must have sufficient color contrast', helpUrl='https://dequeuniversity.com/rules/axe/4.0/color-contrast?application=axeAPI', impact='serious', tags=[cat.color, wcag2aa, wcag143], nodes=[com.deque.html.axecore.results.CheckedNode@41f69e84, com.deque.html.axecore.results.CheckedNode@7975d1d8, com.deque.html.axecore.results.CheckedNode@2438dcd, com.deque.html.axecore.results.CheckedNode@24105dc5, com.deque.html.axecore.results.CheckedNode@5167f57d, com.deque.html.axecore.results.CheckedNode@64b0598, com.deque.html.axecore.results.CheckedNode@18f8cd79, com.deque.html.axecore.results.CheckedNode@3e2055d6, com.deque.html.axecore.results.CheckedNode@50029372, com.deque.html.axecore.results.CheckedNode@e3b3b2f, com.deque.html.axecore.results.CheckedNode@50f6ac94], url='null', createdDate='null'}, Rule{id='duplicate-id-active', description='Ensures every id attribute value of active elements is unique', help='IDs of active elements must be unique', helpUrl='https://dequeuniversity.com/rules/axe/4.0/duplicate-id-active?application=axeAPI', impact='serious', tags=[cat.parsing, wcag2a, wcag411], nodes=[com.deque.html.axecore.results.CheckedNode@6cc4cdb9, com.deque.html.axecore.results.CheckedNode@28194a50], url='null', createdDate='null'}, Rule{id='duplicate-id-aria', description='Ensures every id attribute value used in ARIA and in labels is unique', help='IDs used in ARIA and labels must be unique', helpUrl='https://dequeuniversity.com/rules/axe/4.0/duplicate-id-aria?application=axeAPI', impact='critical', tags=[cat.parsing, wcag2a, wcag411], nodes=[com.deque.html.axecore.results.CheckedNode@7f2cfe3f], url='null', createdDate='null'}, Rule{id='duplicate-id', description='Ensures every id attribute value is unique', help='id attribute value must be unique', helpUrl='https://dequeuniversity.com/rules/axe/4.0/duplicate-id?application=axeAPI', impact='minor', tags=[cat.parsing, wcag2a, wcag411], nodes=[com.deque.html.axecore.results.CheckedNode@1a5b6f42, com.deque.html.axecore.results.CheckedNode@5038d0b5, com.deque.html.axecore.results.CheckedNode@32115b28, com.deque.html.axecore.results.CheckedNode@2ad48653, com.deque.html.axecore.results.CheckedNode@6bb4dd34, com.deque.html.axecore.results.CheckedNode@7d9f158f, com.deque.html.axecore.results.CheckedNode@45efd90f, com.deque.html.axecore.results.CheckedNode@4b8729ff, com.deque.html.axecore.results.CheckedNode@61710c6, com.deque.html.axecore.results.CheckedNode@3214ee6], url='null', createdDate='null'}, Rule{id='frame-title', description='Ensures <iframe> and <frame> elements contain a non-empty title attribute', help='Frames must have title attribute', helpUrl='https://dequeuniversity.com/rules/axe/4.0/frame-title?application=axeAPI', impact='serious', tags=[cat.text-alternatives, wcag2a, wcag241, wcag412, section508, section508.22.i], nodes=[com.deque.html.axecore.results.CheckedNode@383dc82c, com.deque.html.axecore.results.CheckedNode@4a07d605], url='null', createdDate='null'}, Rule{id='html-has-lang', description='Ensures every HTML document has a lang attribute', help='<html> element must have a lang attribute', helpUrl='https://dequeuniversity.com/rules/axe/4.0/html-has-lang?application=axeAPI', impact='serious', tags=[cat.language, wcag2a, wcag311, ACT], nodes=[com.deque.html.axecore.results.CheckedNode@74287ea3], url='null', createdDate='null'}, Rule{id='image-alt', description='Ensures <img> elements have alternate text or a role of none or presentation', help='Images must have alternate text', helpUrl='https://dequeuniversity.com/rules/axe/4.0/image-alt?application=axeAPI', impact='critical', tags=[cat.text-alternatives, wcag2a, wcag111, section508, section508.22.a], nodes=[com.deque.html.axecore.results.CheckedNode@7d7758be, com.deque.html.axecore.results.CheckedNode@2bdd8394, com.deque.html.axecore.results.CheckedNode@5f9edf14, com.deque.html.axecore.results.CheckedNode@68746f22], url='null', createdDate='null'}, Rule{id='label', description='Ensures every form element has a label', help='Form elements must have labels', helpUrl='https://dequeuniversity.com/rules/axe/4.0/label?application=axeAPI', impact='critical', tags=[cat.forms, wcag2a, wcag412, wcag131, section508, section508.22.n], nodes=[com.deque.html.axecore.results.CheckedNode@2f01783a, com.deque.html.axecore.results.CheckedNode@68878f6d, com.deque.html.axecore.results.CheckedNode@41488b16], url='null', createdDate='null'}, Rule{id='landmark-one-main', description='Ensures the document has a main landmark', help='Document must have one main landmark', helpUrl='https://dequeuniversity.com/rules/axe/4.0/landmark-one-main?application=axeAPI', impact='moderate', tags=[cat.semantics, best-practice], nodes=[com.deque.html.axecore.results.CheckedNode@a8ef162, com.deque.html.axecore.results.CheckedNode@2eea88a1, com.deque.html.axecore.results.CheckedNode@7ac296f6, com.deque.html.axecore.results.CheckedNode@7fd7a283], url='null', createdDate='null'}, Rule{id='landmark-unique', description='Landmarks must have a unique role or role/label/title (i.e. accessible name) combination', help='Ensures landmarks are unique', helpUrl='https://dequeuniversity.com/rules/axe/4.0/landmark-unique?application=axeAPI', impact='moderate', tags=[cat.semantics, best-practice], nodes=[com.deque.html.axecore.results.CheckedNode@22f59fa], url='null', createdDate='null'}, Rule{id='link-name', description='Ensures links have discernible text', help='Links must have discernible text', helpUrl='https://dequeuniversity.com/rules/axe/4.0/link-name?application=axeAPI', impact='serious', tags=[cat.name-role-value, wcag2a, wcag412, wcag244, section508, section508.22.a], nodes=[com.deque.html.axecore.results.CheckedNode@78fa769e, com.deque.html.axecore.results.CheckedNode@16612a51, com.deque.html.axecore.results.CheckedNode@54e041a4, com.deque.html.axecore.results.CheckedNode@2c78324b, com.deque.html.axecore.results.CheckedNode@79defdc, com.deque.html.axecore.results.CheckedNode@18317edc, com.deque.html.axecore.results.CheckedNode@4e0ae11f, com.deque.html.axecore.results.CheckedNode@238d68ff, com.deque.html.axecore.results.CheckedNode@4b86805d, com.deque.html.axecore.results.CheckedNode@5852c06f, com.deque.html.axecore.results.CheckedNode@4149c063], url='null', createdDate='null'}, Rule{id='region', description='Ensures all page content is contained by landmarks', help='All page content must be contained by landmarks', helpUrl='https://dequeuniversity.com/rules/axe/4.0/region?application=axeAPI', impact='moderate', tags=[cat.keyboard, best-practice], nodes=[com.deque.html.axecore.results.CheckedNode@9cb8225, com.deque.html.axecore.results.CheckedNode@76b07f29, com.deque.html.axecore.results.CheckedNode@38af9828, com.deque.html.axecore.results.CheckedNode@376a0d86, com.deque.html.axecore.results.CheckedNode@62656be4, com.deque.html.axecore.results.CheckedNode@17d919b6, com.deque.html.axecore.results.CheckedNode@53f3bdbd, com.deque.html.axecore.results.CheckedNode@34129c78, com.deque.html.axecore.results.CheckedNode@7d61eb55, com.deque.html.axecore.results.CheckedNode@222a59e6, com.deque.html.axecore.results.CheckedNode@6c7a164b, com.deque.html.axecore.results.CheckedNode@4c2bb6e0, com.deque.html.axecore.results.CheckedNode@3e62d773, com.deque.html.axecore.results.CheckedNode@4ef74c30, com.deque.html.axecore.results.CheckedNode@7283d3eb, com.deque.html.axecore.results.CheckedNode@638ef7ed, com.deque.html.axecore.results.CheckedNode@4bff7da0, com.deque.html.axecore.results.CheckedNode@3f1d2e23, com.deque.html.axecore.results.CheckedNode@536dbea0, com.deque.html.axecore.results.CheckedNode@47c81abf, com.deque.html.axecore.results.CheckedNode@776a6d9b, com.deque.html.axecore.results.CheckedNode@21d03963, com.deque.html.axecore.results.CheckedNode@1f760b47, com.deque.html.axecore.results.CheckedNode@18ece7f4, com.deque.html.axecore.results.CheckedNode@3cce57c7, com.deque.html.axecore.results.CheckedNode@1cf56a1c, com.deque.html.axecore.results.CheckedNode@33f676f6, com.deque.html.axecore.results.CheckedNode@4c5ae43b, com.deque.html.axecore.results.CheckedNode@264f218, com.deque.html.axecore.results.CheckedNode@3576ddc2, com.deque.html.axecore.results.CheckedNode@35b74c5c, com.deque.html.axecore.results.CheckedNode@2e570ded, com.deque.html.axecore.results.CheckedNode@b86de0d, com.deque.html.axecore.results.CheckedNode@81d9a72, com.deque.html.axecore.results.CheckedNode@747f281, com.deque.html.axecore.results.CheckedNode@1169afe1, com.deque.html.axecore.results.CheckedNode@2ca26d77], url='null', createdDate='null'}, Rule{id='tabindex', description='Ensures tabindex attribute values are not greater than 0', help='Elements should not have tabindex greater than zero', helpUrl='https://dequeuniversity.com/rules/axe/4.0/tabindex?application=axeAPI', impact='serious', tags=[cat.keyboard, best-practice], nodes=[com.deque.html.axecore.results.CheckedNode@4808bc9b, com.deque.html.axecore.results.CheckedNode@70e38ce1, com.deque.html.axecore.results.CheckedNode@2ca923bb, com.deque.html.axecore.results.CheckedNode@13df2a8c], url='null', createdDate='null'}]
]]></system-out>
    <system-err><![CDATA[Starting ChromeDriver 87.0.4280.20 (c99e81631faa0b2a448e658c0dbd8311fb04ddbd-refs/branch-heads/4280@{#355}) on port 26058
Only local connections are allowed.
Please see https://chromedriver.chromium.org/security-considerations for suggestions on keeping ChromeDriver safe.
ChromeDriver was started successfully.
Nov 24, 2020 3:44:21 PM org.openqa.selenium.remote.ProtocolHandshake createSession
INFO: Detected dialect: W3C
]]></system-err>
  </testcase>
</testsuite>